# JRE version: OpenJDK Runtime Environment (17.0.10) (build 17.0.10+0--11609105)
# Java VM: OpenJDK 64-Bit Server VM (17.0.10+0--11609105, mixed mode, tiered, compressed oops, compressed class ptrs, g1 gc, windows-amd64)
GC Precious Log:
 CPUs: 4 total, 4 available
 Memory: 16283M
 Large Page Support: Disabled
 NUMA Support: Disabled
 Compressed Oops: Enabled (32-bit)
 Heap Region Size: 1M
 Heap Min Capacity: 8M
 Heap Initial Capacity: 256M
 Heap Max Capacity: 2G
 Pre-touch: Disabled
 Parallel Workers: 4
 Concurrent Workers: 1
 Concurrent Refinement Workers: 4
 Periodic GC: Disabled
Heap:
 garbage-first heap   total 317440K, used 148992K [0x0000000080000000, 0x0000000100000000)
  region size 1024K, 4 young (4096K), 3 survivors (3072K)
 Metaspace       used 120909K, committed 122176K, reserved 1179648K
  class space    used 15947K, committed 16512K, reserved 1048576K
GC Heap History (20 events):
Event: 15.993 GC heap before
{Heap before GC invocations=34 (full 0):
 garbage-first heap   total 158720K, used 83598K [0x0000000080000000, 0x0000000100000000)
  region size 1024K, 8 young (8192K), 7 survivors (7168K)
 Metaspace       used 101028K, committed 101760K, reserved 1179648K
  class space    used 13858K, committed 14208K, reserved 1048576K
}
Event: 16.000 GC heap after
{Heap after GC invocations=35 (full 0):
 garbage-first heap   total 158720K, used 83364K [0x0000000080000000, 0x0000000100000000)
  region size 1024K, 1 young (1024K), 1 survivors (1024K)
 Metaspace       used 101028K, committed 101760K, reserved 1179648K
  class space    used 13858K, committed 14208K, reserved 1048576K
}
Event: 16.684 GC heap before
{Heap before GC invocations=35 (full 0):
 garbage-first heap   total 158720K, used 127396K [0x0000000080000000, 0x0000000100000000)
  region size 1024K, 44 young (45056K), 1 survivors (1024K)
 Metaspace       used 101582K, committed 102336K, reserved 1179648K
  class space    used 13909K, committed 14272K, reserved 1048576K
}
Event: 16.690 GC heap after
{Heap after GC invocations=36 (full 0):
 garbage-first heap   total 158720K, used 85895K [0x0000000080000000, 0x0000000100000000)
  region size 1024K, 4 young (4096K), 4 survivors (4096K)
 Metaspace       used 101582K, committed 102336K, reserved 1179648K
  class space    used 13909K, committed 14272K, reserved 1048576K
}
Event: 17.399 GC heap before
{Heap before GC invocations=37 (full 0):
 garbage-first heap   total 158720K, used 126855K [0x0000000080000000, 0x0000000100000000)
  region size 1024K, 45 young (46080K), 4 survivors (4096K)
 Metaspace       used 101931K, committed 102720K, reserved 1179648K
  class space    used 13945K, committed 14336K, reserved 1048576K
}
Event: 17.406 GC heap after
{Heap after GC invocations=38 (full 0):
 garbage-first heap   total 158720K, used 88202K [0x0000000080000000, 0x0000000100000000)
  region size 1024K, 3 young (3072K), 3 survivors (3072K)
 Metaspace       used 101931K, committed 102720K, reserved 1179648K
  class space    used 13945K, committed 14336K, reserved 1048576K
}
Event: 17.473 GC heap before
{Heap before GC invocations=38 (full 0):
 garbage-first heap   total 158720K, used 91274K [0x0000000080000000, 0x0000000100000000)
  region size 1024K, 7 young (7168K), 3 survivors (3072K)
 Metaspace       used 101966K, committed 102720K, reserved 1179648K
  class space    used 13948K, committed 14336K, reserved 1048576K
}
Event: 17.480 GC heap after
{Heap after GC invocations=39 (full 0):
 garbage-first heap   total 317440K, used 88302K [0x0000000080000000, 0x0000000100000000)
  region size 1024K, 1 young (1024K), 1 survivors (1024K)
 Metaspace       used 101966K, committed 102720K, reserved 1179648K
  class space    used 13948K, committed 14336K, reserved 1048576K
}
Event: 161.699 GC heap before
{Heap before GC invocations=39 (full 0):
 garbage-first heap   total 317440K, used 243950K [0x0000000080000000, 0x0000000100000000)
  region size 1024K, 154 young (157696K), 1 survivors (1024K)
 Metaspace       used 109487K, committed 110272K, reserved 1179648K
  class space    used 14654K, committed 15040K, reserved 1048576K
}
Event: 161.704 GC heap after
{Heap after GC invocations=40 (full 0):
 garbage-first heap   total 317440K, used 90793K [0x0000000080000000, 0x0000000100000000)
  region size 1024K, 4 young (4096K), 4 survivors (4096K)
 Metaspace       used 109487K, committed 110272K, reserved 1179648K
  class space    used 14654K, committed 15040K, reserved 1048576K
}
Event: 2932.809 GC heap before
{Heap before GC invocations=40 (full 0):
 garbage-first heap   total 317440K, used 259753K [0x0000000080000000, 0x0000000100000000)
  region size 1024K, 170 young (174080K), 4 survivors (4096K)
 Metaspace       used 110704K, committed 111616K, reserved 1179648K
  class space    used 14743K, committed 15232K, reserved 1048576K
}
Event: 2932.814 GC heap after
{Heap after GC invocations=41 (full 0):
 garbage-first heap   total 317440K, used 90748K [0x0000000080000000, 0x0000000100000000)
  region size 1024K, 3 young (3072K), 3 survivors (3072K)
 Metaspace       used 110704K, committed 111616K, reserved 1179648K
  class space    used 14743K, committed 15232K, reserved 1048576K
}
Event: 4946.912 GC heap before
{Heap before GC invocations=41 (full 0):
 garbage-first heap   total 317440K, used 273020K [0x0000000080000000, 0x0000000100000000)
  region size 1024K, 177 young (181248K), 3 survivors (3072K)
 Metaspace       used 115208K, committed 116160K, reserved 1179648K
  class space    used 15286K, committed 15744K, reserved 1048576K
}
Event: 4946.950 GC heap after
{Heap after GC invocations=42 (full 0):
 garbage-first heap   total 317440K, used 122979K [0x0000000080000000, 0x0000000100000000)
  region size 1024K, 23 young (23552K), 23 survivors (23552K)
 Metaspace       used 115208K, committed 116160K, reserved 1179648K
  class space    used 15286K, committed 15744K, reserved 1048576K
}
Event: 4951.790 GC heap before
{Heap before GC invocations=42 (full 0):
 garbage-first heap   total 317440K, used 276579K [0x0000000080000000, 0x0000000100000000)
  region size 1024K, 133 young (136192K), 23 survivors (23552K)
 Metaspace       used 120382K, committed 121344K, reserved 1179648K
  class space    used 15921K, committed 16384K, reserved 1048576K
}
Event: 4951.812 GC heap after
{Heap after GC invocations=43 (full 0):
 garbage-first heap   total 317440K, used 138445K [0x0000000080000000, 0x0000000100000000)
  region size 1024K, 9 young (9216K), 9 survivors (9216K)
 Metaspace       used 120382K, committed 121344K, reserved 1179648K
  class space    used 15921K, committed 16384K, reserved 1048576K
}
Event: 5436.728 GC heap before
{Heap before GC invocations=43 (full 0):
 garbage-first heap   total 317440K, used 250061K [0x0000000080000000, 0x0000000100000000)
  region size 1024K, 115 young (117760K), 9 survivors (9216K)
 Metaspace       used 121078K, committed 122048K, reserved 1179648K
  class space    used 15993K, committed 16448K, reserved 1048576K
}
Event: 5436.753 GC heap after
{Heap after GC invocations=44 (full 0):
 garbage-first heap   total 317440K, used 152064K [0x0000000080000000, 0x0000000100000000)
  region size 1024K, 15 young (15360K), 15 survivors (15360K)
 Metaspace       used 121078K, committed 122048K, reserved 1179648K
  class space    used 15993K, committed 16448K, reserved 1048576K
}
Event: 5436.827 GC heap before
{Heap before GC invocations=44 (full 0):
 garbage-first heap   total 317440K, used 161280K [0x0000000080000000, 0x0000000100000000)
  region size 1024K, 21 young (21504K), 15 survivors (15360K)
 Metaspace       used 121101K, committed 122112K, reserved 1179648K
  class space    used 15993K, committed 16448K, reserved 1048576K
}
Event: 5436.842 GC heap after
{Heap after GC invocations=45 (full 0):
 garbage-first heap   total 317440K, used 158208K [0x0000000080000000, 0x0000000100000000)
  region size 1024K, 3 young (3072K), 3 survivors (3072K)
 Metaspace       used 121101K, committed 122112K, reserved 1179648K
  class space    used 15993K, committed 16448K, reserved 1048576K
}

